Using pre-set license
Built from '2022.3/staging' branch; Version is '2022.3.9f1 (ea401c316338) revision 15351836'; Using compiler version '192829333'; Build Type 'Release'
OS: 'Windows 11  (10.0.22621) 64bit CoreSingleLanguage' Language: 'en' Physical Memory: 15754 MB
BatchMode: 1, IsHumanControllingUs: 0, StartBugReporterOnCrash: 0, Is64bit: 1, IsPro: 1

COMMAND LINE ARGUMENTS:
C:\Program Files\Unity\Hub\Editor\2022.3.9f1\Editor\Unity.exe
-adb2
-batchMode
-noUpm
-name
AssetImportWorker0
-projectPath
D:/FPT APTECH/Game Dev/Portfolio/Survivor Game
-logFile
Logs/AssetImportWorker0.log
-srvPort
55398
Successfully changed project path to: D:/FPT APTECH/Game Dev/Portfolio/Survivor Game
D:/FPT APTECH/Game Dev/Portfolio/Survivor Game
[UnityMemory] Configuration Parameters - Can be set up in boot.config
    "memorysetup-bucket-allocator-granularity=16"
    "memorysetup-bucket-allocator-bucket-count=8"
    "memorysetup-bucket-allocator-block-size=33554432"
    "memorysetup-bucket-allocator-block-count=8"
    "memorysetup-main-allocator-block-size=16777216"
    "memorysetup-thread-allocator-block-size=16777216"
    "memorysetup-gfx-main-allocator-block-size=16777216"
    "memorysetup-gfx-thread-allocator-block-size=16777216"
    "memorysetup-cache-allocator-block-size=4194304"
    "memorysetup-typetree-allocator-block-size=2097152"
    "memorysetup-profiler-bucket-allocator-granularity=16"
    "memorysetup-profiler-bucket-allocator-bucket-count=8"
    "memorysetup-profiler-bucket-allocator-block-size=33554432"
    "memorysetup-profiler-bucket-allocator-block-count=8"
    "memorysetup-profiler-allocator-block-size=16777216"
    "memorysetup-profiler-editor-allocator-block-size=1048576"
    "memorysetup-temp-allocator-size-main=16777216"
    "memorysetup-job-temp-allocator-block-size=2097152"
    "memorysetup-job-temp-allocator-block-size-background=1048576"
    "memorysetup-job-temp-allocator-reduction-small-platforms=262144"
    "memorysetup-allocator-temp-initial-block-size-main=262144"
    "memorysetup-allocator-temp-initial-block-size-worker=262144"
    "memorysetup-temp-allocator-size-background-worker=32768"
    "memorysetup-temp-allocator-size-job-worker=262144"
    "memorysetup-temp-allocator-size-preload-manager=33554432"
    "memorysetup-temp-allocator-size-nav-mesh-worker=65536"
    "memorysetup-temp-allocator-size-audio-worker=65536"
    "memorysetup-temp-allocator-size-cloud-worker=32768"
    "memorysetup-temp-allocator-size-gi-baking-worker=262144"
    "memorysetup-temp-allocator-size-gfx=262144"
Player connection [6352] Host "[IP] 192.168.1.171 [Port] 0 [Flags] 2 [Guid] 1553722325 [EditorId] 1553722325 [Version] 1048832 [Id] WindowsEditor(7,Dang) [Debug] 1 [PackageName] WindowsEditor [ProjectName] Editor" joined multi-casting on [225.0.0.222:54997]...

Player connection [6352] Host "[IP] 192.168.1.171 [Port] 0 [Flags] 2 [Guid] 1553722325 [EditorId] 1553722325 [Version] 1048832 [Id] WindowsEditor(7,Dang) [Debug] 1 [PackageName] WindowsEditor [ProjectName] Editor" joined alternative multi-casting on [225.0.0.222:34997]...

[Physics::Module] Initialized MultithreadedJobDispatcher with 11 workers.
Refreshing native plugins compatible for Editor in 9.27 ms, found 4 plugins.
Preloading 0 native plugins for Editor in 0.00 ms.
Initialize engine version: 2022.3.9f1 (ea401c316338)
[Subsystems] Discovering subsystems at path C:/Program Files/Unity/Hub/Editor/2022.3.9f1/Editor/Data/Resources/UnitySubsystems
[Subsystems] Discovering subsystems at path D:/FPT APTECH/Game Dev/Portfolio/Survivor Game/Assets
GfxDevice: creating device client; threaded=0; jobified=0
Direct3D:
    Version:  Direct3D 11.0 [level 11.1]
    Renderer: Radeon RX 5500M (ID=0x7340)
    Vendor:   ATI
    VRAM:     4055 MB
    Driver:   30.0.13022.3
Initialize mono
Mono path[0] = 'C:/Program Files/Unity/Hub/Editor/2022.3.9f1/Editor/Data/Managed'
Mono path[1] = 'C:/Program Files/Unity/Hub/Editor/2022.3.9f1/Editor/Data/MonoBleedingEdge/lib/mono/unityjit-win32'
Mono config path = 'C:/Program Files/Unity/Hub/Editor/2022.3.9f1/Editor/Data/MonoBleedingEdge/etc'
Using monoOptions --debugger-agent=transport=dt_socket,embedding=1,server=y,suspend=n,address=127.0.0.1:56240
Begin MonoManager ReloadAssembly
Registering precompiled unity dll's ...
Register platform support module: C:/Program Files/Unity/Hub/Editor/2022.3.9f1/Editor/Data/PlaybackEngines/WebGLSupport/UnityEditor.WebGL.Extensions.dll
Register platform support module: C:/Program Files/Unity/Hub/Editor/2022.3.9f1/Editor/Data/PlaybackEngines/AndroidPlayer/UnityEditor.Android.Extensions.dll
Register platform support module: C:/Program Files/Unity/Hub/Editor/2022.3.9f1/Editor/Data/PlaybackEngines/WindowsStandaloneSupport/UnityEditor.WindowsStandalone.Extensions.dll
Registered in 0.008683 seconds.
- Loaded All Assemblies, in  0.412 seconds
Native extension for WindowsStandalone target not found
Native extension for Android target not found
Android Extension - Scanning For ADB Devices 273 ms
Native extension for WebGL target not found
Mono: successfully reloaded assembly
- Finished resetting the current domain, in  0.618 seconds
Domain Reload Profiling: 1029ms
	BeginReloadAssembly (139ms)
		ExecutionOrderSort (0ms)
		DisableScriptedObjects (0ms)
		BackupInstance (0ms)
		ReleaseScriptingObjects (0ms)
		CreateAndSetChildDomain (1ms)
	RebuildCommonClasses (36ms)
	RebuildNativeTypeToScriptingClass (10ms)
	initialDomainReloadingComplete (60ms)
	LoadAllAssembliesAndSetupDomain (165ms)
		LoadAssemblies (138ms)
		RebuildTransferFunctionScriptingTraits (0ms)
		AnalyzeDomain (162ms)
			TypeCache.Refresh (160ms)
				TypeCache.ScanAssembly (146ms)
			ScanForSourceGeneratedMonoScriptInfo (1ms)
			ResolveRequiredComponents (1ms)
	FinalizeReload (618ms)
		ReleaseScriptCaches (0ms)
		RebuildScriptCaches (0ms)
		SetupLoadedEditorAssemblies (553ms)
			LogAssemblyErrors (0ms)
			InitializePlatformSupportModulesInManaged (394ms)
			SetLoadedEditorAssemblies (4ms)
			RefreshPlugins (0ms)
			BeforeProcessingInitializeOnLoad (2ms)
			ProcessInitializeOnLoadAttributes (102ms)
			ProcessInitializeOnLoadMethodAttributes (51ms)
			AfterProcessingInitializeOnLoad (0ms)
			EditorAssembliesLoaded (0ms)
		ExecutionOrderSort2 (0ms)
		AwakeInstancesAfterBackupRestoration (0ms)
========================================================================
Worker process is ready to serve import requests
Begin MonoManager ReloadAssembly
- Loaded All Assemblies, in  0.664 seconds
Refreshing native plugins compatible for Editor in 2.23 ms, found 4 plugins.
Native extension for WindowsStandalone target not found
Native extension for Android target not found
Native extension for WebGL target not found
Package Manager log level set to [2]
[Package Manager] Server::EnsureServerProcessIsRunning -- launch failed, reason: Unity was launched with the -noUpm command-line argument
[Package Manager] UpmClient::Send -- Unable to send message (not connected to UPM process).
[Package Manager] Cannot connect to Unity Package Manager local server
Mono: successfully reloaded assembly
- Finished resetting the current domain, in  0.680 seconds
Domain Reload Profiling: 1341ms
	BeginReloadAssembly (155ms)
		ExecutionOrderSort (0ms)
		DisableScriptedObjects (6ms)
		BackupInstance (0ms)
		ReleaseScriptingObjects (0ms)
		CreateAndSetChildDomain (22ms)
	RebuildCommonClasses (29ms)
	RebuildNativeTypeToScriptingClass (9ms)
	initialDomainReloadingComplete (38ms)
	LoadAllAssembliesAndSetupDomain (431ms)
		LoadAssemblies (354ms)
		RebuildTransferFunctionScriptingTraits (0ms)
		AnalyzeDomain (170ms)
			TypeCache.Refresh (145ms)
				TypeCache.ScanAssembly (130ms)
			ScanForSourceGeneratedMonoScriptInfo (19ms)
			ResolveRequiredComponents (5ms)
	FinalizeReload (680ms)
		ReleaseScriptCaches (0ms)
		RebuildScriptCaches (0ms)
		SetupLoadedEditorAssemblies (522ms)
			LogAssemblyErrors (0ms)
			InitializePlatformSupportModulesInManaged (25ms)
			SetLoadedEditorAssemblies (4ms)
			RefreshPlugins (0ms)
			BeforeProcessingInitializeOnLoad (111ms)
			ProcessInitializeOnLoadAttributes (342ms)
			ProcessInitializeOnLoadMethodAttributes (34ms)
			AfterProcessingInitializeOnLoad (5ms)
			EditorAssembliesLoaded (0ms)
		ExecutionOrderSort2 (0ms)
		AwakeInstancesAfterBackupRestoration (7ms)
Launched and connected shader compiler UnityShaderCompiler.exe after 0.05 seconds
Refreshing native plugins compatible for Editor in 2.54 ms, found 4 plugins.
Preloading 0 native plugins for Editor in 0.00 ms.
Unloading 4010 Unused Serialized files (Serialized files now loaded: 0)
Unloading 69 unused Assets / (244.6 KB). Loaded Objects now: 4469.
Memory consumption went from 142.0 MB to 141.7 MB.
Total: 3.787800 ms (FindLiveObjects: 0.486800 ms CreateObjectMapping: 0.278300 ms MarkObjects: 2.808800 ms  DeleteObjects: 0.212800 ms)

AssetImportParameters requested are different than current active one (requested -> active):
  custom:container-demuxer-ogg: 62fdf1f143b41e24485cea50d1cbac27 -> 
  custom:video-decoder-ogg-theora: a1e56fd34408186e4bbccfd4996cb3dc -> 
  custom:framework-win-MediaFoundation: 216162199b28c13a410421893ffa2e32 -> 
  custom:CustomObjectIndexerAttribute: 756ad292c208cfabdd7b50bc23989ffe -> 
  custom:container-demuxer-webm: 4f35f7cbe854078d1ac9338744f61a02 -> 
  custom:container-muxer-webm: aa71ff27fc2769a1b78a27578f13a17b -> 
  custom:video-decoder-webm-vp8: 9c59270c3fd7afecdb556c50c9e8de78 -> 
  custom:SearchIndexIgnoredProperties: e643bd26f0fe6173181afceb89e7c659 -> 
  custom:AudioImporter_EditorPlatform: d09bf68614088b80899f8185d706f6e7 -> 
  custom:video-encoder-webm-vp8: eb34c28f22e8b96e1ab97ce403110664 -> 
  custom:audio-decoder-ogg-vorbis: bf7c407c2cedff20999df2af8eb42d56 -> 
  custom:audio-encoder-webm-vorbis: bf7c407c2cedff20999df2af8eb42d56 -> 
========================================================================
Received Import Request.
  Time since last request: 204308.558405 seconds.
  path: Assets/All.png
  artifactKey: Guid(7a2d9045549f68f42ae82fac904ba6c6) Importer(815301076,1909f56bfc062723c751e8b465ee728b)
Start importing Assets/All.png using Guid(7a2d9045549f68f42ae82fac904ba6c6) Importer(815301076,1909f56bfc062723c751e8b465ee728b)  -> (artifact id: 'a1bc15e101404a016c80c92913c87740') in 0.096460 seconds
Number of updated asset objects reloaded before import = 0
Number of asset objects unloaded after import = 3
========================================================================
Received Import Request.
  Time since last request: 37.020810 seconds.
  path: Assets/All.png
  artifactKey: Guid(7a2d9045549f68f42ae82fac904ba6c6) Importer(815301076,1909f56bfc062723c751e8b465ee728b)
Start importing Assets/All.png using Guid(7a2d9045549f68f42ae82fac904ba6c6) Importer(815301076,1909f56bfc062723c751e8b465ee728b)  -> (artifact id: 'fab42e12c7cb4878aff27a129b11a903') in 0.013512 seconds
Number of updated asset objects reloaded before import = 0
Number of asset objects unloaded after import = 2
========================================================================
Received Import Request.
  Time since last request: 24.823410 seconds.
  path: Assets/All.png
  artifactKey: Guid(7a2d9045549f68f42ae82fac904ba6c6) Importer(815301076,1909f56bfc062723c751e8b465ee728b)
Start importing Assets/All.png using Guid(7a2d9045549f68f42ae82fac904ba6c6) Importer(815301076,1909f56bfc062723c751e8b465ee728b)  -> (artifact id: 'baf8c5878322f43a15863e73b88ecb4a') in 0.013543 seconds
Number of updated asset objects reloaded before import = 0
Number of asset objects unloaded after import = 2
========================================================================
Received Import Request.
  Time since last request: 11.210773 seconds.
  path: Assets/All.png
  artifactKey: Guid(7a2d9045549f68f42ae82fac904ba6c6) Importer(815301076,1909f56bfc062723c751e8b465ee728b)
Start importing Assets/All.png using Guid(7a2d9045549f68f42ae82fac904ba6c6) Importer(815301076,1909f56bfc062723c751e8b465ee728b)  -> (artifact id: 'f69d4e53f6ff547f3eeeef386e9a161a') in 0.013174 seconds
Number of updated asset objects reloaded before import = 0
Number of asset objects unloaded after import = 2
========================================================================
Received Import Request.
  Time since last request: 9.686725 seconds.
  path: Assets/All.png
  artifactKey: Guid(7a2d9045549f68f42ae82fac904ba6c6) Importer(815301076,1909f56bfc062723c751e8b465ee728b)
Start importing Assets/All.png using Guid(7a2d9045549f68f42ae82fac904ba6c6) Importer(815301076,1909f56bfc062723c751e8b465ee728b)  -> (artifact id: 'cf1922fe16ce63ec72dd0f9400a43df6') in 0.013303 seconds
Number of updated asset objects reloaded before import = 0
Number of asset objects unloaded after import = 2
========================================================================
Received Import Request.
  Time since last request: 4.612519 seconds.
  path: Assets/All.png
  artifactKey: Guid(7a2d9045549f68f42ae82fac904ba6c6) Importer(815301076,1909f56bfc062723c751e8b465ee728b)
Start importing Assets/All.png using Guid(7a2d9045549f68f42ae82fac904ba6c6) Importer(815301076,1909f56bfc062723c751e8b465ee728b)  -> (artifact id: '6b1671c0ff6b4d03a52df23986cbda5c') in 0.012796 seconds
Number of updated asset objects reloaded before import = 0
Number of asset objects unloaded after import = 2
========================================================================
Received Import Request.
  Time since last request: 10.434603 seconds.
  path: Assets/All.png
  artifactKey: Guid(7a2d9045549f68f42ae82fac904ba6c6) Importer(815301076,1909f56bfc062723c751e8b465ee728b)
Start importing Assets/All.png using Guid(7a2d9045549f68f42ae82fac904ba6c6) Importer(815301076,1909f56bfc062723c751e8b465ee728b)  -> (artifact id: 'a08410ad5c4227c71c64d01359430d1f') in 0.014759 seconds
Number of updated asset objects reloaded before import = 0
Number of asset objects unloaded after import = 2
========================================================================
Received Import Request.
  Time since last request: 17.808083 seconds.
  path: Assets/All.png
  artifactKey: Guid(7a2d9045549f68f42ae82fac904ba6c6) Importer(815301076,1909f56bfc062723c751e8b465ee728b)
Start importing Assets/All.png using Guid(7a2d9045549f68f42ae82fac904ba6c6) Importer(815301076,1909f56bfc062723c751e8b465ee728b)  -> (artifact id: 'd2b71a992357f62f6a4f187030642179') in 0.013911 seconds
Number of updated asset objects reloaded before import = 0
Number of asset objects unloaded after import = 2
========================================================================
Received Import Request.
  Time since last request: 53.892028 seconds.
  path: Assets/Scenes
  artifactKey: Guid(883ac76539836ef478ab0b10d8c4476e) Importer(815301076,1909f56bfc062723c751e8b465ee728b)
Start importing Assets/Scenes using Guid(883ac76539836ef478ab0b10d8c4476e) Importer(815301076,1909f56bfc062723c751e8b465ee728b)  -> (artifact id: '6944983529fbf8ff015cd456b3ee9122') in 0.000592 seconds
Number of updated asset objects reloaded before import = 0
Number of asset objects unloaded after import = 0
========================================================================
Received Import Request.
  Time since last request: 0.672146 seconds.
  path: Assets/Monster_Creatures_Fantasy(Version 1.3)
  artifactKey: Guid(e95adffacf4efb042b577a1a21abd3ff) Importer(815301076,1909f56bfc062723c751e8b465ee728b)
Start importing Assets/Monster_Creatures_Fantasy(Version 1.3) using Guid(e95adffacf4efb042b577a1a21abd3ff) Importer(815301076,1909f56bfc062723c751e8b465ee728b)  -> (artifact id: '60eaec66b3ab4415840cab30582b2438') in 0.000524 seconds
Number of updated asset objects reloaded before import = 0
Number of asset objects unloaded after import = 0
========================================================================
Received Import Request.
  Time since last request: 1.637419 seconds.
  path: Assets/EPIC RPG World Pack - [FREE Demo]Ancient Ruins - Copia
  artifactKey: Guid(f47369635db032249a3a360cd16921c6) Importer(815301076,1909f56bfc062723c751e8b465ee728b)
Start importing Assets/EPIC RPG World Pack - [FREE Demo]Ancient Ruins - Copia using Guid(f47369635db032249a3a360cd16921c6) Importer(815301076,1909f56bfc062723c751e8b465ee728b)  -> (artifact id: 'd37aa9590589daeb6885459fe4c31857') in 0.000455 seconds
Number of updated asset objects reloaded before import = 0
Number of asset objects unloaded after import = 0
========================================================================
Received Import Request.
  Time since last request: 0.903930 seconds.
  path: Assets/EPIC RPG World Pack - [FREE Demo]Ancient Ruins - Copia/Characters
  artifactKey: Guid(f3a20656bc72d664ba50fbc35f15f3fe) Importer(815301076,1909f56bfc062723c751e8b465ee728b)
Start importing Assets/EPIC RPG World Pack - [FREE Demo]Ancient Ruins - Copia/Characters using Guid(f3a20656bc72d664ba50fbc35f15f3fe) Importer(815301076,1909f56bfc062723c751e8b465ee728b)  -> (artifact id: '5de2873234a94880fa34c732c903b6da') in 0.000398 seconds
Number of updated asset objects reloaded before import = 0
Number of asset objects unloaded after import = 0
========================================================================
Received Import Request.
  Time since last request: 0.819316 seconds.
  path: Assets/EPIC RPG World Pack - [FREE Demo]Ancient Ruins - Copia/Characters/luck creature-idle.png
  artifactKey: Guid(74bcf1227254ae647bffdf9b4a95f923) Importer(815301076,1909f56bfc062723c751e8b465ee728b)
Start importing Assets/EPIC RPG World Pack - [FREE Demo]Ancient Ruins - Copia/Characters/luck creature-idle.png using Guid(74bcf1227254ae647bffdf9b4a95f923) Importer(815301076,1909f56bfc062723c751e8b465ee728b)  -> (artifact id: '4ea46f0ef481fc6e87274bd297411d98') in 0.013781 seconds
Number of updated asset objects reloaded before import = 0
Number of asset objects unloaded after import = 3
========================================================================
Received Import Request.
  Time since last request: 16.587446 seconds.
  path: Assets/EPIC RPG World Pack - [FREE Demo]Ancient Ruins - Copia/Characters/luck creature-idle.png
  artifactKey: Guid(74bcf1227254ae647bffdf9b4a95f923) Importer(815301076,1909f56bfc062723c751e8b465ee728b)
Start importing Assets/EPIC RPG World Pack - [FREE Demo]Ancient Ruins - Copia/Characters/luck creature-idle.png using Guid(74bcf1227254ae647bffdf9b4a95f923) Importer(815301076,1909f56bfc062723c751e8b465ee728b)  -> (artifact id: '1b69feeddbb47fbff7825d91d74aef6d') in 0.014915 seconds
Number of updated asset objects reloaded before import = 0
Number of asset objects unloaded after import = 3
========================================================================
Received Import Request.
  Time since last request: 19.674150 seconds.
  path: Assets/EPIC RPG World Pack - [FREE Demo]Ancient Ruins - Copia/Characters/luck creature-idle.png
  artifactKey: Guid(74bcf1227254ae647bffdf9b4a95f923) Importer(815301076,1909f56bfc062723c751e8b465ee728b)
Start importing Assets/EPIC RPG World Pack - [FREE Demo]Ancient Ruins - Copia/Characters/luck creature-idle.png using Guid(74bcf1227254ae647bffdf9b4a95f923) Importer(815301076,1909f56bfc062723c751e8b465ee728b)  -> (artifact id: '8fb31417d166955f4c853c96d1a4fa18') in 0.012588 seconds
Number of updated asset objects reloaded before import = 0
Number of asset objects unloaded after import = 2
========================================================================
Received Import Request.
  Time since last request: 14.342100 seconds.
  path: Assets/EPIC RPG World Pack - [FREE Demo]Ancient Ruins - Copia/Characters/luck creature-idle.png
  artifactKey: Guid(74bcf1227254ae647bffdf9b4a95f923) Importer(815301076,1909f56bfc062723c751e8b465ee728b)
Start importing Assets/EPIC RPG World Pack - [FREE Demo]Ancient Ruins - Copia/Characters/luck creature-idle.png using Guid(74bcf1227254ae647bffdf9b4a95f923) Importer(815301076,1909f56bfc062723c751e8b465ee728b)  -> (artifact id: '480d9a8e54798e1d130ab8e37b2a129f') in 0.007699 seconds
Number of updated asset objects reloaded before import = 0
Number of asset objects unloaded after import = 2
========================================================================
Received Import Request.
  Time since last request: 7.362742 seconds.
  path: Assets/EPIC RPG World Pack - [FREE Demo]Ancient Ruins - Copia/Characters/luck creature-idle.png
  artifactKey: Guid(74bcf1227254ae647bffdf9b4a95f923) Importer(815301076,1909f56bfc062723c751e8b465ee728b)
Start importing Assets/EPIC RPG World Pack - [FREE Demo]Ancient Ruins - Copia/Characters/luck creature-idle.png using Guid(74bcf1227254ae647bffdf9b4a95f923) Importer(815301076,1909f56bfc062723c751e8b465ee728b)  -> (artifact id: '23621084f37b4818386b8241102552ab') in 0.015236 seconds
Number of updated asset objects reloaded before import = 0
Number of asset objects unloaded after import = 2
========================================================================
Received Import Request.
  Time since last request: 11.305904 seconds.
  path: Assets/EPIC RPG World Pack - [FREE Demo]Ancient Ruins - Copia/Characters/luck creature-idle.png
  artifactKey: Guid(74bcf1227254ae647bffdf9b4a95f923) Importer(815301076,1909f56bfc062723c751e8b465ee728b)
Start importing Assets/EPIC RPG World Pack - [FREE Demo]Ancient Ruins - Copia/Characters/luck creature-idle.png using Guid(74bcf1227254ae647bffdf9b4a95f923) Importer(815301076,1909f56bfc062723c751e8b465ee728b)  -> (artifact id: '3e6e04880fbe21d7dd2e07a79a2d1d46') in 0.012842 seconds
Number of updated asset objects reloaded before import = 0
Number of asset objects unloaded after import = 2
========================================================================
Received Import Request.
  Time since last request: 7.039986 seconds.
  path: Assets/EPIC RPG World Pack - [FREE Demo]Ancient Ruins - Copia/Characters/luck creature-idle.png
  artifactKey: Guid(74bcf1227254ae647bffdf9b4a95f923) Importer(815301076,1909f56bfc062723c751e8b465ee728b)
Start importing Assets/EPIC RPG World Pack - [FREE Demo]Ancient Ruins - Copia/Characters/luck creature-idle.png using Guid(74bcf1227254ae647bffdf9b4a95f923) Importer(815301076,1909f56bfc062723c751e8b465ee728b)  -> (artifact id: '8996c4b8cf9127fe5960db1d3ff87c96') in 0.007167 seconds
Number of updated asset objects reloaded before import = 0
Number of asset objects unloaded after import = 2
